2024-11-01  7:56:24 0 [Note] Starting MariaDB 10.11.9-MariaDB source revision 0e8fb977b00983d98c4c35e39bc1f36463095938 server_uid Icv6WJmGYERaaZiFDNO06alYODY= as process 32890
2024-11-01  7:56:24 0 [ERROR] mysqld: Can't lock aria control file '/home/nplusplus/Code/Github Repos/SenpaiSuggests/SSCodeBase/mysql/data/aria_log_control' for exclusive use, error: 11. Will retry for 30 seconds
2024-11-01  7:56:54 0 [ERROR] mysqld: Got error 'Could not get an exclusive lock; file is probably in use by another process' when trying to use aria control file '/home/nplusplus/Code/Github Repos/SenpaiSuggests/SSCodeBase/mysql/data/aria_log_control'
2024-11-01  7:56:54 0 [ERROR] Plugin 'Aria' registration as a STORAGE ENGINE failed.
2024-11-01  7:56:54 0 [Note] InnoDB: Compressed tables use zlib 1.3.1
2024-11-01  7:56:54 0 [Note] InnoDB: Number of transaction pools: 1
2024-11-01  7:56:54 0 [Note] InnoDB: Using crc32 + pclmulqdq instructions
2024-11-01  7:56:54 0 [Note] InnoDB: Using liburing
2024-11-01  7:56:54 0 [Note] InnoDB: Initializing buffer pool, total size = 128.000MiB, chunk size = 2.000MiB
2024-11-01  7:56:54 0 [Note] InnoDB: Initialized memory pressure event listener
2024-11-01  7:56:54 0 [Note] InnoDB: Completed initialization of buffer pool
2024-11-01  7:56:54 0 [Note] InnoDB: File system buffers for log disabled (block size=512 bytes)
2024-11-01  7:56:54 0 [ERROR] InnoDB: Unable to lock ./ibdata1 error: 11
2024-11-01  7:56:54 0 [Note] InnoDB: Check that you do not already have another mariadbd process using the same InnoDB data or log files.
2024-11-01  7:56:54 0 [ERROR] InnoDB: Plugin initialization aborted with error Generic error
2024-11-01  7:56:54 0 [Note] InnoDB: Starting shutdown...
2024-11-01  7:56:54 0 [ERROR] Plugin 'InnoDB' registration as a STORAGE ENGINE failed.
2024-11-01  7:56:54 0 [Note] Plugin 'FEEDBACK' is disabled.
2024-11-01  7:56:54 0 [ERROR] Could not open mysql.plugin table: "Table 'mysql.plugin' doesn't exist". Some plugins may be not loaded
2024-11-01  7:56:54 0 [ERROR] Failed to initialize plugins.
2024-11-01  7:56:54 0 [ERROR] Aborting
